2025-10-05 04:32:08 [main] INFO  c.t.backend.BackendApplication - Starting BackendApplication using Java 21.0.5 with PID 16856 (C:\Users\heloi\Downloads\TEARoutine c贸digo\backend\target\classes started by heloi in C:\Users\heloi\Downloads\TEARoutine c贸digo\backend)
2025-10-05 04:32:08 [main] DEBUG c.t.backend.BackendApplication - Running with Spring Boot v3.2.5, Spring v6.1.6
2025-10-05 04:32:08 [main] INFO  c.t.backend.BackendApplication - No active profile set, falling back to 1 default profile: "default"
2025-10-05 04:32:08 [main] INFO  o.s.d.r.c.RepositoryConfigurationDelegate - Bootstrapping Spring Data JPA repositories in DEFAULT mode.
2025-10-05 04:32:08 [main] INFO  o.s.d.r.c.RepositoryConfigurationDelegate - Finished Spring Data repository scanning in 58 ms. Found 5 JPA repository interfaces.
2025-10-05 04:32:09 [main] INFO  o.s.b.w.e.tomcat.TomcatWebServer - Tomcat initialized with port 8080 (http)
2025-10-05 04:32:09 [main] INFO  o.a.catalina.core.StandardService - Starting service [Tomcat]
2025-10-05 04:32:09 [main] INFO  o.a.catalina.core.StandardEngine - Starting Servlet engine: [Apache Tomcat/10.1.20]
2025-10-05 04:32:09 [main] INFO  o.a.c.c.C.[Tomcat].[localhost].[/] - Initializing Spring embedded WebApplicationContext
2025-10-05 04:32:09 [main] INFO  o.s.b.w.s.c.ServletWebServerApplicationContext - Root WebApplicationContext: initialization completed in 1146 ms
2025-10-05 04:32:09 [main] INFO  com.zaxxer.hikari.HikariDataSource - HikariPool-1 - Starting...
2025-10-05 04:32:09 [main] INFO  com.zaxxer.hikari.pool.HikariPool - HikariPool-1 - Added connection conn0: url=jdbc:h2:mem:smarthas user=SA
2025-10-05 04:32:09 [main] INFO  com.zaxxer.hikari.HikariDataSource - HikariPool-1 - Start completed.
2025-10-05 04:32:09 [main] INFO  o.s.b.a.h.H2ConsoleAutoConfiguration - H2 console available at '/h2-console'. Database available at 'jdbc:h2:mem:smarthas'
2025-10-05 04:32:09 [main] INFO  o.h.jpa.internal.util.LogHelper - HHH000204: Processing PersistenceUnitInfo [name: default]
2025-10-05 04:32:09 [main] INFO  org.hibernate.Version - HHH000412: Hibernate ORM core version 6.4.4.Final
2025-10-05 04:32:10 [main] INFO  o.h.c.i.RegionFactoryInitiator - HHH000026: Second-level cache disabled
2025-10-05 04:32:10 [main] INFO  o.s.o.j.p.SpringPersistenceUnitInfo - No LoadTimeWeaver setup: ignoring JPA class transformer
2025-10-05 04:32:10 [main] WARN  org.hibernate.orm.deprecation - HHH90000025: H2Dialect does not need to be specified explicitly using 'hibernate.dialect' (remove the property setting and it will be selected by default)
2025-10-05 04:32:11 [main] INFO  o.h.e.t.j.p.i.JtaPlatformInitiator - HHH000489: No JTA platform available (set 'hibernate.transaction.jta.platform' to enable JTA platform integration)
2025-10-05 04:32:11 [main] DEBUG org.hibernate.SQL - drop table if exists agenda cascade 
2025-10-05 04:32:11 [main] DEBUG org.hibernate.SQL - drop table if exists alerta cascade 
2025-10-05 04:32:11 [main] DEBUG org.hibernate.SQL - drop table if exists consumo_energia cascade 
2025-10-05 04:32:11 [main] DEBUG org.hibernate.SQL - drop table if exists jogo cascade 
2025-10-05 04:32:11 [main] DEBUG org.hibernate.SQL - drop table if exists leitura_sensor cascade 
2025-10-05 04:32:11 [main] DEBUG org.hibernate.SQL - drop table if exists mapa cascade 
2025-10-05 04:32:11 [main] DEBUG org.hibernate.SQL - drop table if exists noticia cascade 
2025-10-05 04:32:11 [main] DEBUG org.hibernate.SQL - drop table if exists sensor cascade 
2025-10-05 04:32:11 [main] DEBUG org.hibernate.SQL - drop table if exists usuario cascade 
2025-10-05 04:32:11 [main] DEBUG org.hibernate.SQL - drop sequence if exists seq_alerta
2025-10-05 04:32:11 [main] DEBUG org.hibernate.SQL - create sequence seq_alerta start with 1 increment by 1
2025-10-05 04:32:11 [main] DEBUG org.hibernate.SQL - create table agenda (fim timestamp(6), id bigint generated by default as identity, inicio timestamp(6), descricao varchar(255), titulo varchar(255), primary key (id))
2025-10-05 04:32:11 [main] DEBUG org.hibernate.SQL - create table alerta (data_alerta timestamp(6), id bigint not null, sensor_id bigint, usuario_id bigint, criticidade varchar(10), status varchar(15), tipo varchar(20) not null, mensagem varchar(500), primary key (id))
2025-10-05 04:32:11 [main] DEBUG org.hibernate.SQL - create table consumo_energia (consumo_kwh float(53), custo float(53), data_consumo date, id bigint generated by default as identity, usuario_id bigint, dispositivo varchar(255), mes_ano varchar(255), primary key (id))
2025-10-05 04:32:11 [main] DEBUG org.hibernate.SQL - create table jogo (id bigint generated by default as identity, data varchar(255), descricao varchar(255), nome varchar(255), primary key (id))
2025-10-05 04:32:11 [main] DEBUG org.hibernate.SQL - create table leitura_sensor (valor float(53) not null, data_leitura timestamp(6), id bigint generated by default as identity, sensor_id bigint, unidade varchar(255), primary key (id))
2025-10-05 04:32:11 [main] DEBUG org.hibernate.SQL - create table mapa (latitude float(53), longitude float(53), id bigint generated by default as identity, descricao varchar(255), nome varchar(255), primary key (id))
2025-10-05 04:32:11 [main] DEBUG org.hibernate.SQL - create table noticia (criada_em timestamp(6), id bigint generated by default as identity, conteudo varchar(5000), titulo varchar(255), primary key (id))
2025-10-05 04:32:11 [main] DEBUG org.hibernate.SQL - create table sensor (data_instalacao date, id bigint generated by default as identity, status varchar(10), tipo varchar(20) not null, localizacao varchar(50), nome varchar(50) not null, primary key (id))
2025-10-05 04:32:11 [main] DEBUG org.hibernate.SQL - create table usuario (id bigint generated by default as identity, email varchar(255) not null unique, nome varchar(255) not null, senha varchar(255) not null, primary key (id))
2025-10-05 04:32:11 [main] DEBUG org.hibernate.SQL - alter table if exists alerta add constraint FKaw0ut3s1bt0knqgspgc560ch6 foreign key (sensor_id) references sensor
2025-10-05 04:32:11 [main] DEBUG org.hibernate.SQL - alter table if exists alerta add constraint FKeo5kt17gon88pfecj0libgii5 foreign key (usuario_id) references usuario
2025-10-05 04:32:11 [main] DEBUG org.hibernate.SQL - alter table if exists consumo_energia add constraint FK9jh6lcbts00o6nqlno0bpbmho foreign key (usuario_id) references usuario
2025-10-05 04:32:11 [main] DEBUG org.hibernate.SQL - alter table if exists leitura_sensor add constraint FKtgkicwnsau2gmpur0af80fc4h foreign key (sensor_id) references sensor
2025-10-05 04:32:11 [main] INFO  o.s.o.j.LocalContainerEntityManagerFactoryBean - Initialized JPA EntityManagerFactory for persistence unit 'default'
2025-10-05 04:32:11 [main] WARN  o.s.b.a.o.j.JpaBaseConfiguration$JpaWebConfiguration - spring.jpa.open-in-view is enabled by default. Therefore, database queries may be performed during view rendering. Explicitly configure spring.jpa.open-in-view to disable this warning
2025-10-05 04:32:11 [main] INFO  o.s.b.w.e.tomcat.TomcatWebServer - Tomcat started on port 8080 (http) with context path ''
2025-10-05 04:32:11 [main] INFO  c.t.backend.BackendApplication - Started BackendApplication in 4.115 seconds (process running for 4.384)
2025-10-05 04:32:25 [http-nio-8080-exec-10] INFO  o.a.c.c.C.[Tomcat].[localhost].[/] - Initializing Spring DispatcherServlet 'dispatcherServlet'
2025-10-05 04:32:25 [http-nio-8080-exec-10] INFO  o.s.web.servlet.DispatcherServlet - Initializing Servlet 'dispatcherServlet'
2025-10-05 04:32:25 [http-nio-8080-exec-10] INFO  o.s.web.servlet.DispatcherServlet - Completed initialization in 4 ms
2025-10-05 15:03:40 [main] INFO  c.t.backend.BackendApplication - Starting BackendApplication using Java 21.0.5 with PID 11304 (C:\Users\heloi\Downloads\TEARoutine c贸digo\backend\target\classes started by heloi in C:\Users\heloi\Downloads\TEARoutine c贸digo\backend)
2025-10-05 15:03:40 [main] DEBUG c.t.backend.BackendApplication - Running with Spring Boot v3.2.5, Spring v6.1.6
2025-10-05 15:03:40 [main] INFO  c.t.backend.BackendApplication - No active profile set, falling back to 1 default profile: "default"
2025-10-05 15:03:42 [main] INFO  o.s.d.r.c.RepositoryConfigurationDelegate - Bootstrapping Spring Data JPA repositories in DEFAULT mode.
2025-10-05 15:03:42 [main] INFO  o.s.d.r.c.RepositoryConfigurationDelegate - Finished Spring Data repository scanning in 184 ms. Found 5 JPA repository interfaces.
2025-10-05 15:03:43 [main] INFO  o.s.b.w.e.tomcat.TomcatWebServer - Tomcat initialized with port 8080 (http)
2025-10-05 15:03:44 [main] INFO  o.a.catalina.core.StandardService - Starting service [Tomcat]
2025-10-05 15:03:44 [main] INFO  o.a.catalina.core.StandardEngine - Starting Servlet engine: [Apache Tomcat/10.1.20]
2025-10-05 15:03:44 [main] INFO  o.a.c.c.C.[Tomcat].[localhost].[/] - Initializing Spring embedded WebApplicationContext
2025-10-05 15:03:44 [main] INFO  o.s.b.w.s.c.ServletWebServerApplicationContext - Root WebApplicationContext: initialization completed in 3275 ms
2025-10-05 15:03:44 [main] INFO  com.zaxxer.hikari.HikariDataSource - HikariPool-1 - Starting...
2025-10-05 15:03:44 [main] INFO  com.zaxxer.hikari.pool.HikariPool - HikariPool-1 - Added connection conn0: url=jdbc:h2:mem:smarthas user=SA
2025-10-05 15:03:44 [main] INFO  com.zaxxer.hikari.HikariDataSource - HikariPool-1 - Start completed.
2025-10-05 15:03:44 [main] INFO  o.s.b.a.h.H2ConsoleAutoConfiguration - H2 console available at '/h2-console'. Database available at 'jdbc:h2:mem:smarthas'
2025-10-05 15:03:45 [main] INFO  o.h.jpa.internal.util.LogHelper - HHH000204: Processing PersistenceUnitInfo [name: default]
2025-10-05 15:03:45 [main] INFO  org.hibernate.Version - HHH000412: Hibernate ORM core version 6.4.4.Final
2025-10-05 15:03:45 [main] INFO  o.h.c.i.RegionFactoryInitiator - HHH000026: Second-level cache disabled
2025-10-05 15:03:45 [main] INFO  o.s.o.j.p.SpringPersistenceUnitInfo - No LoadTimeWeaver setup: ignoring JPA class transformer
2025-10-05 15:03:45 [main] WARN  org.hibernate.orm.deprecation - HHH90000025: H2Dialect does not need to be specified explicitly using 'hibernate.dialect' (remove the property setting and it will be selected by default)
2025-10-05 15:03:47 [main] INFO  o.h.e.t.j.p.i.JtaPlatformInitiator - HHH000489: No JTA platform available (set 'hibernate.transaction.jta.platform' to enable JTA platform integration)
2025-10-05 15:03:47 [main] DEBUG org.hibernate.SQL - drop table if exists agenda cascade 
2025-10-05 15:03:47 [main] DEBUG org.hibernate.SQL - drop table if exists alerta cascade 
2025-10-05 15:03:47 [main] DEBUG org.hibernate.SQL - drop table if exists consumo_energia cascade 
2025-10-05 15:03:47 [main] DEBUG org.hibernate.SQL - drop table if exists jogo cascade 
2025-10-05 15:03:47 [main] DEBUG org.hibernate.SQL - drop table if exists leitura_sensor cascade 
2025-10-05 15:03:47 [main] DEBUG org.hibernate.SQL - drop table if exists mapa cascade 
2025-10-05 15:03:47 [main] DEBUG org.hibernate.SQL - drop table if exists noticia cascade 
2025-10-05 15:03:47 [main] DEBUG org.hibernate.SQL - drop table if exists sensor cascade 
2025-10-05 15:03:47 [main] DEBUG org.hibernate.SQL - drop table if exists usuario cascade 
2025-10-05 15:03:47 [main] DEBUG org.hibernate.SQL - drop sequence if exists seq_alerta
2025-10-05 15:03:47 [main] DEBUG org.hibernate.SQL - create sequence seq_alerta start with 1 increment by 1
2025-10-05 15:03:47 [main] DEBUG org.hibernate.SQL - create table agenda (fim timestamp(6), id bigint generated by default as identity, inicio timestamp(6), descricao varchar(255), titulo varchar(255), primary key (id))
2025-10-05 15:03:47 [main] DEBUG org.hibernate.SQL - create table alerta (data_alerta timestamp(6), id bigint not null, sensor_id bigint, usuario_id bigint, criticidade varchar(10), status varchar(15), tipo varchar(20) not null, mensagem varchar(500), primary key (id))
2025-10-05 15:03:47 [main] DEBUG org.hibernate.SQL - create table consumo_energia (consumo_kwh float(53), custo float(53), data_consumo date, id bigint generated by default as identity, usuario_id bigint, dispositivo varchar(255), mes_ano varchar(255), primary key (id))
2025-10-05 15:03:47 [main] DEBUG org.hibernate.SQL - create table jogo (id bigint generated by default as identity, data varchar(255), descricao varchar(255), nome varchar(255), primary key (id))
2025-10-05 15:03:47 [main] DEBUG org.hibernate.SQL - create table leitura_sensor (valor float(53) not null, data_leitura timestamp(6), id bigint generated by default as identity, sensor_id bigint, unidade varchar(255), primary key (id))
2025-10-05 15:03:47 [main] DEBUG org.hibernate.SQL - create table mapa (latitude float(53), longitude float(53), id bigint generated by default as identity, descricao varchar(255), nome varchar(255), primary key (id))
2025-10-05 15:03:47 [main] DEBUG org.hibernate.SQL - create table noticia (criada_em timestamp(6), id bigint generated by default as identity, conteudo varchar(5000), titulo varchar(255), primary key (id))
2025-10-05 15:03:47 [main] DEBUG org.hibernate.SQL - create table sensor (data_instalacao date, id bigint generated by default as identity, status varchar(10), tipo varchar(20) not null, localizacao varchar(50), nome varchar(50) not null, primary key (id))
2025-10-05 15:03:47 [main] DEBUG org.hibernate.SQL - create table usuario (id bigint generated by default as identity, email varchar(255) not null unique, nome varchar(255) not null, senha varchar(255) not null, primary key (id))
2025-10-05 15:03:47 [main] DEBUG org.hibernate.SQL - alter table if exists alerta add constraint FKaw0ut3s1bt0knqgspgc560ch6 foreign key (sensor_id) references sensor
2025-10-05 15:03:47 [main] DEBUG org.hibernate.SQL - alter table if exists alerta add constraint FKeo5kt17gon88pfecj0libgii5 foreign key (usuario_id) references usuario
2025-10-05 15:03:47 [main] DEBUG org.hibernate.SQL - alter table if exists consumo_energia add constraint FK9jh6lcbts00o6nqlno0bpbmho foreign key (usuario_id) references usuario
2025-10-05 15:03:47 [main] DEBUG org.hibernate.SQL - alter table if exists leitura_sensor add constraint FKtgkicwnsau2gmpur0af80fc4h foreign key (sensor_id) references sensor
2025-10-05 15:03:47 [main] INFO  o.s.o.j.LocalContainerEntityManagerFactoryBean - Initialized JPA EntityManagerFactory for persistence unit 'default'
2025-10-05 15:03:48 [main] WARN  o.s.b.a.o.j.JpaBaseConfiguration$JpaWebConfiguration - spring.jpa.open-in-view is enabled by default. Therefore, database queries may be performed during view rendering. Explicitly configure spring.jpa.open-in-view to disable this warning
2025-10-05 15:03:49 [main] INFO  o.s.b.w.e.tomcat.TomcatWebServer - Tomcat started on port 8080 (http) with context path ''
2025-10-05 15:03:49 [main] INFO  c.t.backend.BackendApplication - Started BackendApplication in 10.703 seconds (process running for 12.423)
2025-10-05 15:03:59 [http-nio-8080-exec-1] INFO  o.a.c.c.C.[Tomcat].[localhost].[/] - Initializing Spring DispatcherServlet 'dispatcherServlet'
2025-10-05 15:03:59 [http-nio-8080-exec-1] INFO  o.s.web.servlet.DispatcherServlet - Initializing Servlet 'dispatcherServlet'
2025-10-05 15:03:59 [http-nio-8080-exec-1] INFO  o.s.web.servlet.DispatcherServlet - Completed initialization in 4 ms
2025-10-05 15:03:59 [http-nio-8080-exec-1] DEBUG org.hibernate.SQL - select n1_0.id,n1_0.conteudo,n1_0.criada_em,n1_0.titulo from noticia n1_0
2025-10-05 15:09:02 [http-nio-8080-exec-4] DEBUG org.hibernate.SQL - select u1_0.id,u1_0.email,u1_0.nome,u1_0.senha from usuario u1_0
2025-10-05 15:09:02 [http-nio-8080-exec-5] DEBUG org.hibernate.SQL - select a1_0.id,a1_0.descricao,a1_0.fim,a1_0.inicio,a1_0.titulo from agenda a1_0
2025-10-05 15:09:03 [http-nio-8080-exec-6] DEBUG org.hibernate.SQL - select n1_0.id,n1_0.conteudo,n1_0.criada_em,n1_0.titulo from noticia n1_0
2025-10-05 15:09:04 [http-nio-8080-exec-9] DEBUG org.hibernate.SQL - select j1_0.id,j1_0.data,j1_0.descricao,j1_0.nome from jogo j1_0
